0 info it worked if it ends with ok
1 verbose cli [ 'D:\\Program Files\\nodejs\\node.exe',
1 verbose cli   'C:\\Users\\CarpCai\\AppData\\Roaming\\npm\\node_modules\\cnpm\\node_modules\\npm\\bin\\npm-cli.js',
1 verbose cli   '--userconfig=C:\\Users\\CarpCai\\.cnpmrc',
1 verbose cli   '--disturl=https://npm.taobao.org/mirrors/node',
1 verbose cli   '--registry=https://registry.npm.taobao.org',
1 verbose cli   'run',
1 verbose cli   'dev-map' ]
2 info using npm@3.10.9
3 info using node@v7.7.2
4 verbose run-script [ 'predev-map', 'dev-map', 'postdev-map' ]
5 info lifecycle kov-blog@1.1.0~predev-map: kov-blog@1.1.0
6 silly lifecycle kov-blog@1.1.0~predev-map: no script for predev-map, continuing
7 info lifecycle kov-blog@1.1.0~dev-map: kov-blog@1.1.0
8 verbose lifecycle kov-blog@1.1.0~dev-map: unsafe-perm in lifecycle true
9 verbose lifecycle kov-blog@1.1.0~dev-map: PATH: C:\Users\CarpCai\AppData\Roaming\npm\node_modules\cnpm\node_modules\npm\bin\node-gyp-bin;D:\code\node\biyesheji\node_modules\.bin;C:\ProgramData\Oracle\Java\javapath;C:\windows\system32;C:\windows;C:\windows\System32\Wbem;C:\windows\System32\WindowsPowerShell\v1.0\;C:\Program Files (x86)\scala\bin;D:\wamp64\bin\php\php5.6.25;C:\Users\CarpCai\AppData\Local\GitHub\PortableGit_63435a79518b44808827aa3194b76bea96231189\cmd;E:\Program Files\TortoiseGit\bin;C:\ProgramData\ComposerSetup\bin;D:\Program Files\python;D:\Program Files\python\Scripts;D:\Program Files\nodejs\;C:\Users\CarpCai\AppData\Local\Microsoft\WindowsApps;C:\Users\CarpCai\AppData\Roaming\Composer\vendor\bin;C:\Users\CarpCai\AppData\Roaming\npm
10 verbose lifecycle kov-blog@1.1.0~dev-map: CWD: D:\code\node\biyesheji
11 silly lifecycle kov-blog@1.1.0~dev-map: Args: [ '/d /s /c', 'nodemon ./map/bin/www' ]
12 silly lifecycle kov-blog@1.1.0~dev-map: Returned: code: 3221225786  signal: null
13 info lifecycle kov-blog@1.1.0~dev-map: Failed to exec dev-map script
14 verbose stack Error: kov-blog@1.1.0 dev-map: `nodemon ./map/bin/www`
14 verbose stack Exit status 3221225786
14 verbose stack     at EventEmitter.<anonymous> (C:\Users\CarpCai\AppData\Roaming\npm\node_modules\cnpm\node_modules\npm\lib\utils\lifecycle.js:255:16)
14 verbose stack     at emitTwo (events.js:106:13)
14 verbose stack     at EventEmitter.emit (events.js:194:7)
14 verbose stack     at ChildProcess.<anonymous> (C:\Users\CarpCai\AppData\Roaming\npm\node_modules\cnpm\node_modules\npm\lib\utils\spawn.js:40:14)
14 verbose stack     at emitTwo (events.js:106:13)
14 verbose stack     at ChildProcess.emit (events.js:194:7)
14 verbose stack     at maybeClose (internal/child_process.js:899:16)
14 verbose stack     at Process.ChildProcess._handle.onexit (internal/child_process.js:226:5)
15 verbose pkgid kov-blog@1.1.0
16 verbose cwd D:\code\node\biyesheji
17 error Windows_NT 10.0.14393
18 error argv "D:\\Program Files\\nodejs\\node.exe" "C:\\Users\\CarpCai\\AppData\\Roaming\\npm\\node_modules\\cnpm\\node_modules\\npm\\bin\\npm-cli.js" "--userconfig=C:\\Users\\CarpCai\\.cnpmrc" "--disturl=https://npm.taobao.org/mirrors/node" "--registry=https://registry.npm.taobao.org" "run" "dev-map"
19 error node v7.7.2
20 error npm  v3.10.9
21 error code ELIFECYCLE
22 error kov-blog@1.1.0 dev-map: `nodemon ./map/bin/www`
22 error Exit status 3221225786
23 error Failed at the kov-blog@1.1.0 dev-map script 'nodemon ./map/bin/www'.
23 error Make sure you have the latest version of node.js and npm installed.
23 error If you do, this is most likely a problem with the kov-blog package,
23 error not with npm itself.
23 error Tell the author that this fails on your system:
23 error     nodemon ./map/bin/www
23 error You can get information on how to open an issue for this project with:
23 error     npm bugs kov-blog
23 error Or if that isn't available, you can get their info via:
23 error     npm owner ls kov-blog
23 error There is likely additional logging output above.
24 verbose exit [ 1, true ]
